[11-Jan-2025 02:47:02 UTC] PHP Parse error:  syntax error, unexpected end of file, expecting "elseif" or "else" or "endif" in C:\Users\Subhra\Local Sites\engineer-craftsman\app\public\wp-content\themes\engineer-craftsman-child\front-page.php on line 52
[11-Jan-2025 02:47:03 UTC] PHP Parse error:  syntax error, unexpected end of file, expecting "elseif" or "else" or "endif" in C:\Users\Subhra\Local Sites\engineer-craftsman\app\public\wp-content\themes\engineer-craftsman-child\front-page.php on line 52
[11-Jan-2025 03:16:12 UTC] PHP Warning:  Array to string conversion in C:\Users\Subhra\Local Sites\engineer-craftsman\app\public\wp-content\themes\engineer-craftsman-child\front-page.php on line 18
[11-Jan-2025 03:16:12 UTC] PHP Warning:  Undefined array key "link" in C:\Users\Subhra\Local Sites\engineer-craftsman\app\public\wp-content\themes\engineer-craftsman-child\front-page.php on line 36
[11-Jan-2025 03:16:12 UTC] PHP Warning:  Array to string conversion in C:\Users\Subhra\Local Sites\engineer-craftsman\app\public\wp-content\themes\engineer-craftsman-child\front-page.php on line 18
[11-Jan-2025 03:16:12 UTC] PHP Warning:  Undefined array key "link" in C:\Users\Subhra\Local Sites\engineer-craftsman\app\public\wp-content\themes\engineer-craftsman-child\front-page.php on line 36
[11-Jan-2025 03:16:12 UTC] PHP Warning:  Array to string conversion in C:\Users\Subhra\Local Sites\engineer-craftsman\app\public\wp-content\themes\engineer-craftsman-child\front-page.php on line 18
[11-Jan-2025 03:16:12 UTC] PHP Warning:  Undefined array key "link" in C:\Users\Subhra\Local Sites\engineer-craftsman\app\public\wp-content\themes\engineer-craftsman-child\front-page.php on line 36
[11-Jan-2025 03:16:12 UTC] PHP Warning:  Array to string conversion in C:\Users\Subhra\Local Sites\engineer-craftsman\app\public\wp-content\themes\engineer-craftsman-child\front-page.php on line 18
[11-Jan-2025 03:16:12 UTC] PHP Warning:  Undefined array key "link" in C:\Users\Subhra\Local Sites\engineer-craftsman\app\public\wp-content\themes\engineer-craftsman-child\front-page.php on line 36
[11-Jan-2025 03:16:38 UTC] PHP Warning:  Array to string conversion in C:\Users\Subhra\Local Sites\engineer-craftsman\app\public\wp-content\themes\engineer-craftsman-child\front-page.php on line 18
[11-Jan-2025 03:16:38 UTC] PHP Warning:  Undefined array key "link" in C:\Users\Subhra\Local Sites\engineer-craftsman\app\public\wp-content\themes\engineer-craftsman-child\front-page.php on line 36
[11-Jan-2025 03:16:38 UTC] PHP Warning:  Array to string conversion in C:\Users\Subhra\Local Sites\engineer-craftsman\app\public\wp-content\themes\engineer-craftsman-child\front-page.php on line 18
[11-Jan-2025 03:16:38 UTC] PHP Warning:  Undefined array key "link" in C:\Users\Subhra\Local Sites\engineer-craftsman\app\public\wp-content\themes\engineer-craftsman-child\front-page.php on line 36
[11-Jan-2025 03:16:38 UTC] PHP Warning:  Array to string conversion in C:\Users\Subhra\Local Sites\engineer-craftsman\app\public\wp-content\themes\engineer-craftsman-child\front-page.php on line 18
[11-Jan-2025 03:16:38 UTC] PHP Warning:  Undefined array key "link" in C:\Users\Subhra\Local Sites\engineer-craftsman\app\public\wp-content\themes\engineer-craftsman-child\front-page.php on line 36
[11-Jan-2025 03:16:38 UTC] PHP Warning:  Array to string conversion in C:\Users\Subhra\Local Sites\engineer-craftsman\app\public\wp-content\themes\engineer-craftsman-child\front-page.php on line 18
[11-Jan-2025 03:16:38 UTC] PHP Warning:  Undefined array key "link" in C:\Users\Subhra\Local Sites\engineer-craftsman\app\public\wp-content\themes\engineer-craftsman-child\front-page.php on line 36
[11-Jan-2025 03:17:16 UTC] PHP Warning:  Array to string conversion in C:\Users\Subhra\Local Sites\engineer-craftsman\app\public\wp-content\themes\engineer-craftsman-child\front-page.php on line 18
[11-Jan-2025 03:17:16 UTC] PHP Warning:  Undefined array key "link" in C:\Users\Subhra\Local Sites\engineer-craftsman\app\public\wp-content\themes\engineer-craftsman-child\front-page.php on line 36
[11-Jan-2025 03:17:16 UTC] PHP Warning:  Array to string conversion in C:\Users\Subhra\Local Sites\engineer-craftsman\app\public\wp-content\themes\engineer-craftsman-child\front-page.php on line 18
[11-Jan-2025 03:17:16 UTC] PHP Warning:  Undefined array key "link" in C:\Users\Subhra\Local Sites\engineer-craftsman\app\public\wp-content\themes\engineer-craftsman-child\front-page.php on line 36
[11-Jan-2025 03:17:16 UTC] PHP Warning:  Array to string conversion in C:\Users\Subhra\Local Sites\engineer-craftsman\app\public\wp-content\themes\engineer-craftsman-child\front-page.php on line 18
[11-Jan-2025 03:17:16 UTC] PHP Warning:  Undefined array key "link" in C:\Users\Subhra\Local Sites\engineer-craftsman\app\public\wp-content\themes\engineer-craftsman-child\front-page.php on line 36
[11-Jan-2025 03:17:16 UTC] PHP Warning:  Array to string conversion in C:\Users\Subhra\Local Sites\engineer-craftsman\app\public\wp-content\themes\engineer-craftsman-child\front-page.php on line 18
[11-Jan-2025 03:17:16 UTC] PHP Warning:  Undefined array key "link" in C:\Users\Subhra\Local Sites\engineer-craftsman\app\public\wp-content\themes\engineer-craftsman-child\front-page.php on line 36
[11-Jan-2025 03:17:31 UTC] PHP Warning:  Array to string conversion in C:\Users\Subhra\Local Sites\engineer-craftsman\app\public\wp-content\themes\engineer-craftsman-child\front-page.php on line 18
[11-Jan-2025 03:17:31 UTC] PHP Warning:  Undefined array key "link" in C:\Users\Subhra\Local Sites\engineer-craftsman\app\public\wp-content\themes\engineer-craftsman-child\front-page.php on line 36
[11-Jan-2025 03:17:31 UTC] PHP Warning:  Array to string conversion in C:\Users\Subhra\Local Sites\engineer-craftsman\app\public\wp-content\themes\engineer-craftsman-child\front-page.php on line 18
[11-Jan-2025 03:17:31 UTC] PHP Warning:  Undefined array key "link" in C:\Users\Subhra\Local Sites\engineer-craftsman\app\public\wp-content\themes\engineer-craftsman-child\front-page.php on line 36
[11-Jan-2025 03:17:31 UTC] PHP Warning:  Array to string conversion in C:\Users\Subhra\Local Sites\engineer-craftsman\app\public\wp-content\themes\engineer-craftsman-child\front-page.php on line 18
[11-Jan-2025 03:17:31 UTC] PHP Warning:  Undefined array key "link" in C:\Users\Subhra\Local Sites\engineer-craftsman\app\public\wp-content\themes\engineer-craftsman-child\front-page.php on line 36
[11-Jan-2025 03:17:31 UTC] PHP Warning:  Array to string conversion in C:\Users\Subhra\Local Sites\engineer-craftsman\app\public\wp-content\themes\engineer-craftsman-child\front-page.php on line 18
[11-Jan-2025 03:17:31 UTC] PHP Warning:  Undefined array key "link" in C:\Users\Subhra\Local Sites\engineer-craftsman\app\public\wp-content\themes\engineer-craftsman-child\front-page.php on line 36
[11-Jan-2025 03:18:19 UTC] PHP Warning:  Array to string conversion in C:\Users\Subhra\Local Sites\engineer-craftsman\app\public\wp-content\themes\engineer-craftsman-child\front-page.php on line 18
[11-Jan-2025 03:18:19 UTC] PHP Fatal error:  Uncaught TypeError: Cannot access offset of type string on string in C:\Users\Subhra\Local Sites\engineer-craftsman\app\public\wp-content\themes\engineer-craftsman-child\front-page.php:36
Stack trace:
#0 C:\Users\Subhra\Local Sites\engineer-craftsman\app\public\wp-includes\template-loader.php(106): include()
#1 C:\Users\Subhra\Local Sites\engineer-craftsman\app\public\wp-blog-header.php(19): require_once('C:\\Users\\Subhra...')
#2 C:\Users\Subhra\Local Sites\engineer-craftsman\app\public\index.php(17): require('C:\\Users\\Subhra...')
#3 {main}
  thrown in C:\Users\Subhra\Local Sites\engineer-craftsman\app\public\wp-content\themes\engineer-craftsman-child\front-page.php on line 36
[11-Jan-2025 03:19:17 UTC] PHP Warning:  Array to string conversion in C:\Users\Subhra\Local Sites\engineer-craftsman\app\public\wp-content\themes\engineer-craftsman-child\front-page.php on line 18
[11-Jan-2025 03:19:17 UTC] PHP Warning:  Undefined array key "link" in C:\Users\Subhra\Local Sites\engineer-craftsman\app\public\wp-content\themes\engineer-craftsman-child\front-page.php on line 36
[11-Jan-2025 03:19:17 UTC] PHP Warning:  Array to string conversion in C:\Users\Subhra\Local Sites\engineer-craftsman\app\public\wp-content\themes\engineer-craftsman-child\front-page.php on line 18
[11-Jan-2025 03:19:17 UTC] PHP Warning:  Undefined array key "link" in C:\Users\Subhra\Local Sites\engineer-craftsman\app\public\wp-content\themes\engineer-craftsman-child\front-page.php on line 36
[11-Jan-2025 03:19:17 UTC] PHP Warning:  Array to string conversion in C:\Users\Subhra\Local Sites\engineer-craftsman\app\public\wp-content\themes\engineer-craftsman-child\front-page.php on line 18
[11-Jan-2025 03:19:17 UTC] PHP Warning:  Undefined array key "link" in C:\Users\Subhra\Local Sites\engineer-craftsman\app\public\wp-content\themes\engineer-craftsman-child\front-page.php on line 36
[11-Jan-2025 03:19:17 UTC] PHP Warning:  Array to string conversion in C:\Users\Subhra\Local Sites\engineer-craftsman\app\public\wp-content\themes\engineer-craftsman-child\front-page.php on line 18
[11-Jan-2025 03:19:17 UTC] PHP Warning:  Undefined array key "link" in C:\Users\Subhra\Local Sites\engineer-craftsman\app\public\wp-content\themes\engineer-craftsman-child\front-page.php on line 36
[11-Jan-2025 03:20:15 UTC] PHP Warning:  Undefined array key "link" in C:\Users\Subhra\Local Sites\engineer-craftsman\app\public\wp-content\themes\engineer-craftsman-child\front-page.php on line 36
[11-Jan-2025 03:20:15 UTC] PHP Warning:  Undefined array key "link" in C:\Users\Subhra\Local Sites\engineer-craftsman\app\public\wp-content\themes\engineer-craftsman-child\front-page.php on line 36
[11-Jan-2025 03:20:15 UTC] PHP Warning:  Undefined array key "link" in C:\Users\Subhra\Local Sites\engineer-craftsman\app\public\wp-content\themes\engineer-craftsman-child\front-page.php on line 36
[11-Jan-2025 03:20:15 UTC] PHP Warning:  Undefined array key "link" in C:\Users\Subhra\Local Sites\engineer-craftsman\app\public\wp-content\themes\engineer-craftsman-child\front-page.php on line 36
[11-Jan-2025 03:20:28 UTC] PHP Warning:  Undefined array key "link" in C:\Users\Subhra\Local Sites\engineer-craftsman\app\public\wp-content\themes\engineer-craftsman-child\front-page.php on line 36
[11-Jan-2025 03:20:28 UTC] PHP Warning:  Undefined array key "link" in C:\Users\Subhra\Local Sites\engineer-craftsman\app\public\wp-content\themes\engineer-craftsman-child\front-page.php on line 36
[11-Jan-2025 03:20:28 UTC] PHP Warning:  Undefined array key "link" in C:\Users\Subhra\Local Sites\engineer-craftsman\app\public\wp-content\themes\engineer-craftsman-child\front-page.php on line 36
[11-Jan-2025 03:20:28 UTC] PHP Warning:  Undefined array key "link" in C:\Users\Subhra\Local Sites\engineer-craftsman\app\public\wp-content\themes\engineer-craftsman-child\front-page.php on line 36
[11-Jan-2025 03:20:56 UTC] PHP Warning:  Undefined array key "link" in C:\Users\Subhra\Local Sites\engineer-craftsman\app\public\wp-content\themes\engineer-craftsman-child\front-page.php on line 36
[11-Jan-2025 03:20:56 UTC] PHP Warning:  Undefined array key "link" in C:\Users\Subhra\Local Sites\engineer-craftsman\app\public\wp-content\themes\engineer-craftsman-child\front-page.php on line 36
[11-Jan-2025 03:20:56 UTC] PHP Warning:  Undefined array key "link" in C:\Users\Subhra\Local Sites\engineer-craftsman\app\public\wp-content\themes\engineer-craftsman-child\front-page.php on line 36
[11-Jan-2025 03:20:56 UTC] PHP Warning:  Undefined array key "link" in C:\Users\Subhra\Local Sites\engineer-craftsman\app\public\wp-content\themes\engineer-craftsman-child\front-page.php on line 36
[11-Jan-2025 03:22:13 UTC] PHP Warning:  Undefined array key "link" in C:\Users\Subhra\Local Sites\engineer-craftsman\app\public\wp-content\themes\engineer-craftsman-child\front-page.php on line 36
[11-Jan-2025 03:22:13 UTC] PHP Warning:  Undefined array key "link" in C:\Users\Subhra\Local Sites\engineer-craftsman\app\public\wp-content\themes\engineer-craftsman-child\front-page.php on line 36
[11-Jan-2025 03:22:13 UTC] PHP Warning:  Undefined array key "link" in C:\Users\Subhra\Local Sites\engineer-craftsman\app\public\wp-content\themes\engineer-craftsman-child\front-page.php on line 36
[11-Jan-2025 03:22:13 UTC] PHP Warning:  Undefined array key "link" in C:\Users\Subhra\Local Sites\engineer-craftsman\app\public\wp-content\themes\engineer-craftsman-child\front-page.php on line 36
[11-Jan-2025 03:22:17 UTC] PHP Warning:  Undefined array key "link" in C:\Users\Subhra\Local Sites\engineer-craftsman\app\public\wp-content\themes\engineer-craftsman-child\front-page.php on line 36
[11-Jan-2025 03:22:17 UTC] PHP Warning:  Undefined array key "link" in C:\Users\Subhra\Local Sites\engineer-craftsman\app\public\wp-content\themes\engineer-craftsman-child\front-page.php on line 36
[11-Jan-2025 03:22:17 UTC] PHP Warning:  Undefined array key "link" in C:\Users\Subhra\Local Sites\engineer-craftsman\app\public\wp-content\themes\engineer-craftsman-child\front-page.php on line 36
[11-Jan-2025 03:22:17 UTC] PHP Warning:  Undefined array key "link" in C:\Users\Subhra\Local Sites\engineer-craftsman\app\public\wp-content\themes\engineer-craftsman-child\front-page.php on line 36
[11-Jan-2025 03:30:39 UTC] PHP Warning:  Array to string conversion in C:\Users\Subhra\Local Sites\engineer-craftsman\app\public\wp-content\plugins\advanced-custom-fields-pro\includes\api\api-template.php on line 99
[11-Jan-2025 03:30:39 UTC] PHP Warning:  Array to string conversion in C:\Users\Subhra\Local Sites\engineer-craftsman\app\public\wp-content\plugins\advanced-custom-fields-pro\includes\api\api-template.php on line 115
[11-Jan-2025 03:30:39 UTC] PHP Warning:  Array to string conversion in C:\Users\Subhra\Local Sites\engineer-craftsman\app\public\wp-content\plugins\advanced-custom-fields-pro\includes\api\api-template.php on line 99
[11-Jan-2025 03:30:39 UTC] PHP Warning:  Array to string conversion in C:\Users\Subhra\Local Sites\engineer-craftsman\app\public\wp-content\plugins\advanced-custom-fields-pro\includes\api\api-template.php on line 115
[11-Jan-2025 03:31:54 UTC] PHP Warning:  Array to string conversion in C:\Users\Subhra\Local Sites\engineer-craftsman\app\public\wp-content\plugins\advanced-custom-fields-pro\includes\api\api-template.php on line 99
[11-Jan-2025 03:31:54 UTC] PHP Warning:  Array to string conversion in C:\Users\Subhra\Local Sites\engineer-craftsman\app\public\wp-content\plugins\advanced-custom-fields-pro\includes\api\api-template.php on line 115
[11-Jan-2025 03:31:54 UTC] PHP Warning:  Array to string conversion in C:\Users\Subhra\Local Sites\engineer-craftsman\app\public\wp-content\plugins\advanced-custom-fields-pro\includes\api\api-template.php on line 99
[11-Jan-2025 03:31:54 UTC] PHP Warning:  Array to string conversion in C:\Users\Subhra\Local Sites\engineer-craftsman\app\public\wp-content\plugins\advanced-custom-fields-pro\includes\api\api-template.php on line 115
[11-Jan-2025 03:32:07 UTC] PHP Warning:  Array to string conversion in C:\Users\Subhra\Local Sites\engineer-craftsman\app\public\wp-content\plugins\advanced-custom-fields-pro\includes\api\api-template.php on line 99
[11-Jan-2025 03:32:07 UTC] PHP Warning:  Array to string conversion in C:\Users\Subhra\Local Sites\engineer-craftsman\app\public\wp-content\plugins\advanced-custom-fields-pro\includes\api\api-template.php on line 115
[11-Jan-2025 03:32:07 UTC] PHP Warning:  Trying to access array offset on value of type null in C:\Users\Subhra\Local Sites\engineer-craftsman\app\public\wp-content\themes\engineer-craftsman-child\header.php on line 23
[11-Jan-2025 03:32:08 UTC] PHP Warning:  Array to string conversion in C:\Users\Subhra\Local Sites\engineer-craftsman\app\public\wp-content\plugins\advanced-custom-fields-pro\includes\api\api-template.php on line 99
[11-Jan-2025 03:32:08 UTC] PHP Warning:  Array to string conversion in C:\Users\Subhra\Local Sites\engineer-craftsman\app\public\wp-content\plugins\advanced-custom-fields-pro\includes\api\api-template.php on line 115
[11-Jan-2025 03:32:08 UTC] PHP Warning:  Trying to access array offset on value of type null in C:\Users\Subhra\Local Sites\engineer-craftsman\app\public\wp-content\themes\engineer-craftsman-child\header.php on line 23
[11-Jan-2025 03:32:42 UTC] PHP Warning:  Array to string conversion in C:\Users\Subhra\Local Sites\engineer-craftsman\app\public\wp-content\plugins\advanced-custom-fields-pro\includes\api\api-template.php on line 99
[11-Jan-2025 03:32:42 UTC] PHP Warning:  Array to string conversion in C:\Users\Subhra\Local Sites\engineer-craftsman\app\public\wp-content\plugins\advanced-custom-fields-pro\includes\api\api-template.php on line 115
[11-Jan-2025 03:32:42 UTC] PHP Warning:  Trying to access array offset on value of type null in C:\Users\Subhra\Local Sites\engineer-craftsman\app\public\wp-content\themes\engineer-craftsman-child\header.php on line 23
[11-Jan-2025 03:32:43 UTC] PHP Warning:  Array to string conversion in C:\Users\Subhra\Local Sites\engineer-craftsman\app\public\wp-content\plugins\advanced-custom-fields-pro\includes\api\api-template.php on line 99
[11-Jan-2025 03:32:43 UTC] PHP Warning:  Array to string conversion in C:\Users\Subhra\Local Sites\engineer-craftsman\app\public\wp-content\plugins\advanced-custom-fields-pro\includes\api\api-template.php on line 115
[11-Jan-2025 03:32:43 UTC] PHP Warning:  Trying to access array offset on value of type null in C:\Users\Subhra\Local Sites\engineer-craftsman\app\public\wp-content\themes\engineer-craftsman-child\header.php on line 23
[11-Jan-2025 03:42:49 UTC] PHP Warning:  Trying to access array offset on value of type bool in C:\Users\Subhra\Local Sites\engineer-craftsman\app\public\wp-content\themes\engineer-craftsman-child\front-page.php on line 60
[11-Jan-2025 03:42:51 UTC] PHP Warning:  Trying to access array offset on value of type bool in C:\Users\Subhra\Local Sites\engineer-craftsman\app\public\wp-content\themes\engineer-craftsman-child\front-page.php on line 60
[11-Jan-2025 03:42:51 UTC] PHP Warning:  Trying to access array offset on value of type bool in C:\Users\Subhra\Local Sites\engineer-craftsman\app\public\wp-content\themes\engineer-craftsman-child\front-page.php on line 60
[11-Jan-2025 03:42:51 UTC] PHP Warning:  Trying to access array offset on value of type bool in C:\Users\Subhra\Local Sites\engineer-craftsman\app\public\wp-content\themes\engineer-craftsman-child\front-page.php on line 60
[11-Jan-2025 03:42:58 UTC] PHP Warning:  Trying to access array offset on value of type bool in C:\Users\Subhra\Local Sites\engineer-craftsman\app\public\wp-content\themes\engineer-craftsman-child\front-page.php on line 60
